Flow report for encoder
Tue Dec 15 14:12:17 2020
Quartus Prime Version 20.1.0 Build 711 06/05/2020 SJ Lite Edition


---------------------
; Table of Contents ;
---------------------
  1. Legal Notice
  2. Flow Summary
  3. Flow Settings
  4. Flow Non-Default Global Settings
  5. Flow Elapsed Time
  6. Flow OS Summary
  7. Flow Log
  8. Flow Messages
  9. Flow Suppressed Messages



----------------
; Legal Notice ;
----------------
Copyright (C) 2020  Intel Corporation. All rights reserved.
Your use of Intel Corporation's design tools, logic functions 
and other software and tools, and any partner logic 
functions, and any output files from any of the foregoing 
(including device programming or simulation files), and any 
associated documentation or information are expressly subject 
to the terms and conditions of the Intel Program License 
Subscription Agreement, the Intel Quartus Prime License Agreement,
the Intel FPGA IP License Agreement, or other applicable license
agreement, including, without limitation, that your use is for
the sole purpose of programming logic devices manufactured by
Intel and sold by Intel or its authorized distributors.  Please
refer to the applicable agreement for further details, at
https://fpgasoftware.intel.com/eula.



+----------------------------------------------------------------------------------+
; Flow Summary                                                                     ;
+------------------------------------+---------------------------------------------+
; Flow Status                        ; Successful - Tue Dec 15 14:12:17 2020       ;
; Quartus Prime Version              ; 20.1.0 Build 711 06/05/2020 SJ Lite Edition ;
; Revision Name                      ; encoder                                     ;
; Top-level Entity Name              ; encoder_bdf                                 ;
; Family                             ; Cyclone IV E                                ;
; Total logic elements               ; 19 / 6,272 ( < 1 % )                        ;
;     Total combinational functions  ; 19 / 6,272 ( < 1 % )                        ;
;     Dedicated logic registers      ; 0 / 6,272 ( 0 % )                           ;
; Total registers                    ; 0                                           ;
; Total pins                         ; 40 / 92 ( 43 % )                            ;
; Total virtual pins                 ; 0                                           ;
; Total memory bits                  ; 0 / 276,480 ( 0 % )                         ;
; Embedded Multiplier 9-bit elements ; 0 / 30 ( 0 % )                              ;
; Total PLLs                         ; 0 / 2 ( 0 % )                               ;
; Device                             ; EP4CE6E22C6                                 ;
; Timing Models                      ; Final                                       ;
+------------------------------------+---------------------------------------------+


+-----------------------------------------+
; Flow Settings                           ;
+-------------------+---------------------+
; Option            ; Setting             ;
+-------------------+---------------------+
; Start date & time ; 12/14/2020 22:10:13 ;
; Main task         ; Compilation         ;
; Revision Name     ; encoder             ;
+-------------------+---------------------+


+------------------------------------------------------------------------------------------------------------------------------------------------+
; Flow Non-Default Global Settings                                                                                                               ;
+-------------------------------------+----------------------------------------+---------------+-------------+-----------------------------------+
; Assignment Name                     ; Value                                  ; Default Value ; Entity Name ; Section Id                        ;
+-------------------------------------+----------------------------------------+---------------+-------------+-----------------------------------+
; COMPILER_SIGNATURE_ID               ; 10995770589206.160798381310120         ; --            ; --          ; --                                ;
; EDA_GENERATE_FUNCTIONAL_NETLIST     ; Off                                    ; --            ; --          ; eda_board_design_timing           ;
; EDA_GENERATE_FUNCTIONAL_NETLIST     ; Off                                    ; --            ; --          ; eda_board_design_boundary_scan    ;
; EDA_GENERATE_FUNCTIONAL_NETLIST     ; Off                                    ; --            ; --          ; eda_board_design_signal_integrity ;
; EDA_GENERATE_FUNCTIONAL_NETLIST     ; Off                                    ; --            ; --          ; eda_board_design_symbol           ;
; EDA_OUTPUT_DATA_FORMAT              ; Verilog Hdl                            ; --            ; --          ; eda_simulation                    ;
; EDA_SIMULATION_TOOL                 ; ModelSim-Altera (Verilog)              ; <None>        ; --          ; --                                ;
; EDA_TIME_SCALE                      ; 1 ps                                   ; --            ; --          ; eda_simulation                    ;
; PARTITION_COLOR                     ; -- (Not supported for targeted family) ; --            ; encoder_bdf ; Top                               ;
; PARTITION_FITTER_PRESERVATION_LEVEL ; -- (Not supported for targeted family) ; --            ; encoder_bdf ; Top                               ;
; PARTITION_NETLIST_TYPE              ; -- (Not supported for targeted family) ; --            ; encoder_bdf ; Top                               ;
; PROJECT_OUTPUT_DIRECTORY            ; output_files                           ; --            ; --          ; --                                ;
; TOP_LEVEL_ENTITY                    ; encoder_bdf                            ; encoder       ; --          ; --                                ;
+-------------------------------------+----------------------------------------+---------------+-------------+-----------------------------------+


+--------------------------------------------------------------------------------------------------------------------------+
; Flow Elapsed Time                                                                                                        ;
+----------------------+--------------+-------------------------+---------------------+------------------------------------+
; Module Name          ; Elapsed Time ; Average Processors Used ; Peak Virtual Memory ; Total CPU Time (on all processors) ;
+----------------------+--------------+-------------------------+---------------------+------------------------------------+
; Analysis & Synthesis ; 00:00:14     ; 1.0                     ; 4782 MB             ; 00:00:32                           ;
; Fitter               ; 00:00:05     ; 1.0                     ; 5486 MB             ; 00:00:06                           ;
; Assembler            ; 00:00:01     ; 1.0                     ; 4677 MB             ; 00:00:01                           ;
; Timing Analyzer      ; 00:00:02     ; 1.0                     ; 4767 MB             ; 00:00:02                           ;
; EDA Netlist Writer   ; 00:00:01     ; 1.0                     ; 4636 MB             ; 00:00:01                           ;
; EDA Netlist Writer   ; 00:00:00     ; 1.0                     ; 4627 MB             ; 00:00:01                           ;
; EDA Netlist Writer   ; 00:00:01     ; 1.0                     ; 4627 MB             ; 00:00:01                           ;
; EDA Netlist Writer   ; 00:00:01     ; 1.0                     ; 4627 MB             ; 00:00:01                           ;
; EDA Netlist Writer   ; 00:00:01     ; 1.0                     ; 4626 MB             ; 00:00:01                           ;
; EDA Netlist Writer   ; 00:00:01     ; 1.0                     ; 4626 MB             ; 00:00:01                           ;
; EDA Netlist Writer   ; 00:00:01     ; 1.0                     ; 4626 MB             ; 00:00:01                           ;
; EDA Netlist Writer   ; 00:00:01     ; 1.0                     ; 4634 MB             ; 00:00:01                           ;
; EDA Netlist Writer   ; 00:00:01     ; 1.0                     ; 4627 MB             ; 00:00:01                           ;
; EDA Netlist Writer   ; 00:00:00     ; 1.0                     ; 4634 MB             ; 00:00:01                           ;
; EDA Netlist Writer   ; 00:00:01     ; 1.0                     ; 4627 MB             ; 00:00:01                           ;
; EDA Netlist Writer   ; 00:00:01     ; 1.0                     ; 4635 MB             ; 00:00:01                           ;
; EDA Netlist Writer   ; 00:00:00     ; 1.0                     ; 4627 MB             ; 00:00:01                           ;
; EDA Netlist Writer   ; 00:00:01     ; 1.0                     ; 4635 MB             ; 00:00:01                           ;
; EDA Netlist Writer   ; 00:00:01     ; 1.0                     ; 4627 MB             ; 00:00:01                           ;
; EDA Netlist Writer   ; 00:00:01     ; 1.0                     ; 4634 MB             ; 00:00:01                           ;
; Total                ; 00:00:35     ; --                      ; --                  ; 00:00:57                           ;
+----------------------+--------------+-------------------------+---------------------+------------------------------------+


+------------------------------------------------------------------------------------+
; Flow OS Summary                                                                    ;
+----------------------+------------------+------------+------------+----------------+
; Module Name          ; Machine Hostname ; OS Name    ; OS Version ; Processor type ;
+----------------------+------------------+------------+------------+----------------+
; Analysis & Synthesis ; DESKTOP-9B1CFP1  ; Windows 10 ; 10.0       ; x86_64         ;
; Fitter               ; DESKTOP-9B1CFP1  ; Windows 10 ; 10.0       ; x86_64         ;
; Assembler            ; DESKTOP-9B1CFP1  ; Windows 10 ; 10.0       ; x86_64         ;
; Timing Analyzer      ; DESKTOP-9B1CFP1  ; Windows 10 ; 10.0       ; x86_64         ;
; EDA Netlist Writer   ; DESKTOP-9B1CFP1  ; Windows 10 ; 10.0       ; x86_64         ;
; EDA Netlist Writer   ; DESKTOP-9B1CFP1  ; Windows 10 ; 10.0       ; x86_64         ;
; EDA Netlist Writer   ; DESKTOP-9B1CFP1  ; Windows 10 ; 10.0       ; x86_64         ;
; EDA Netlist Writer   ; DESKTOP-9B1CFP1  ; Windows 10 ; 10.0       ; x86_64         ;
; EDA Netlist Writer   ; DESKTOP-9B1CFP1  ; Windows 10 ; 10.0       ; x86_64         ;
; EDA Netlist Writer   ; DESKTOP-9B1CFP1  ; Windows 10 ; 10.0       ; x86_64         ;
; EDA Netlist Writer   ; DESKTOP-9B1CFP1  ; Windows 10 ; 10.0       ; x86_64         ;
; EDA Netlist Writer   ; DESKTOP-9B1CFP1  ; Windows 10 ; 10.0       ; x86_64         ;
; EDA Netlist Writer   ; DESKTOP-9B1CFP1  ; Windows 10 ; 10.0       ; x86_64         ;
; EDA Netlist Writer   ; DESKTOP-9B1CFP1  ; Windows 10 ; 10.0       ; x86_64         ;
; EDA Netlist Writer   ; DESKTOP-9B1CFP1  ; Windows 10 ; 10.0       ; x86_64         ;
; EDA Netlist Writer   ; DESKTOP-9B1CFP1  ; Windows 10 ; 10.0       ; x86_64         ;
; EDA Netlist Writer   ; DESKTOP-9B1CFP1  ; Windows 10 ; 10.0       ; x86_64         ;
; EDA Netlist Writer   ; DESKTOP-9B1CFP1  ; Windows 10 ; 10.0       ; x86_64         ;
; EDA Netlist Writer   ; DESKTOP-9B1CFP1  ; Windows 10 ; 10.0       ; x86_64         ;
; EDA Netlist Writer   ; DESKTOP-9B1CFP1  ; Windows 10 ; 10.0       ; x86_64         ;
+----------------------+------------------+------------+------------+----------------+


------------
; Flow Log ;
------------
quartus_map --read_settings_files=on --write_settings_files=off encoder -c encoder
quartus_fit --read_settings_files=off --write_settings_files=off encoder -c encoder
quartus_asm --read_settings_files=off --write_settings_files=off encoder -c encoder
quartus_sta encoder -c encoder
quartus_eda --read_settings_files=off --write_settings_files=off encoder -c encoder
quartus_eda --gen_testbench --tool=modelsim_oem --format=vhdl --write_settings_files=off encoder -c encoder --vector_source=C:/Users/Guilherme/Desktop/UA/ACA/ACAproj1/encoder/output_files/Waveform.vwf --testbench_file=C:/Users/Guilherme/Desktop/UA/ACA/ACAproj1/encoder/simulation/qsim/output_files/Waveform.vwf.vht
quartus_eda --gen_testbench --tool=modelsim_oem --format=vhdl --write_settings_files=off encoder -c encoder --vector_source=C:/Users/Guilherme/Desktop/UA/ACA/ACAproj1/encoder/output_files/Waveform.vwf --testbench_file=C:/Users/Guilherme/Desktop/UA/ACA/ACAproj1/encoder/simulation/qsim/output_files/Waveform.vwf.vht
quartus_eda --gen_testbench --tool=modelsim_oem --format=vhdl --write_settings_files=off encoder -c encoder --vector_source=C:/Users/Guilherme/Desktop/UA/ACA/ACAproj1/encoder/Waveform1.vwf --testbench_file=C:/Users/Guilherme/Desktop/UA/ACA/ACAproj1/encoder/simulation/modelsim/Waveform1.vwf.vht
quartus_eda --gen_testbench --tool=modelsim_oem --format=vhdl --write_settings_files=off encoder -c encoder --vector_source=C:/Users/Guilherme/Desktop/UA/ACA/ACAproj1/encoder/output_files/Waveform.vwf --testbench_file=C:/Users/Guilherme/Desktop/UA/ACA/ACAproj1/encoder/simulation/qsim/output_files/Waveform.vwf.vht
quartus_eda --gen_testbench --tool=modelsim_oem --format=vhdl --write_settings_files=off encoder -c encoder --vector_source=C:/Users/Guilherme/Desktop/UA/ACA/ACAproj1/encoder/output_files/Waveform1.vwf --testbench_file=C:/Users/Guilherme/Desktop/UA/ACA/ACAproj1/encoder/simulation/qsim/output_files/Waveform1.vwf.vht
quartus_eda --gen_testbench --tool=modelsim_oem --format=vhdl --write_settings_files=off encoder -c encoder --vector_source=C:/Users/Guilherme/Desktop/UA/ACA/ACAproj1/encoder/testing.vwf --testbench_file=C:/Users/Guilherme/Desktop/UA/ACA/ACAproj1/encoder/simulation/qsim/testing.vwf.vht
quartus_eda --write_settings_files=off --simulation=on --functional=on --flatten_buses=off --tool=modelsim_oem --format=vhdl --output_directory=C:/Users/Guilherme/Desktop/UA/ACA/ACAproj1/encoder/simulation/qsim/ encoder -c encoder
quartus_eda --gen_testbench --tool=modelsim_oem --format=vhdl --write_settings_files=off encoder -c encoder --vector_source=C:/Users/Guilherme/Desktop/UA/ACA/ACAproj1/encoder/Waveform.vwf --testbench_file=C:/Users/Guilherme/Desktop/UA/ACA/ACAproj1/encoder/simulation/qsim/Waveform.vwf.vht
quartus_eda --write_settings_files=off --simulation=on --functional=on --flatten_buses=off --tool=modelsim_oem --format=vhdl --output_directory=C:/Users/Guilherme/Desktop/UA/ACA/ACAproj1/encoder/simulation/qsim/ encoder -c encoder
quartus_eda --gen_testbench --tool=modelsim_oem --format=vhdl --write_settings_files=off encoder -c encoder --vector_source=C:/Users/Guilherme/Desktop/UA/ACA/ACAproj1/encoder/Waveform.vwf --testbench_file=C:/Users/Guilherme/Desktop/UA/ACA/ACAproj1/encoder/simulation/qsim/Waveform.vwf.vht
quartus_eda --write_settings_files=off --simulation=on --functional=on --flatten_buses=off --tool=modelsim_oem --format=vhdl --output_directory=C:/Users/Guilherme/Desktop/UA/ACA/ACAproj1/encoder/simulation/qsim/ encoder -c encoder
quartus_eda --gen_testbench --tool=modelsim_oem --format=vhdl --write_settings_files=off encoder -c encoder --vector_source=C:/Users/Guilherme/Desktop/UA/ACA/ACAproj1/encoder/Waveform.vwf --testbench_file=C:/Users/Guilherme/Desktop/UA/ACA/ACAproj1/encoder/simulation/qsim/Waveform.vwf.vht
quartus_eda --write_settings_files=off --simulation=on --functional=on --flatten_buses=off --tool=modelsim_oem --format=vhdl --output_directory=C:/Users/Guilherme/Desktop/UA/ACA/ACAproj1/encoder/simulation/qsim/ encoder -c encoder
quartus_eda --gen_testbench --tool=modelsim_oem --format=vhdl --write_settings_files=off encoder -c encoder --vector_source=C:/Users/Guilherme/Desktop/UA/ACA/ACAproj1/encoder/Waveform.vwf --testbench_file=C:/Users/Guilherme/Desktop/UA/ACA/ACAproj1/encoder/simulation/qsim/Waveform.vwf.vht
quartus_eda --write_settings_files=off --simulation=on --functional=on --flatten_buses=off --tool=modelsim_oem --format=vhdl --output_directory=C:/Users/Guilherme/Desktop/UA/ACA/ACAproj1/encoder/simulation/qsim/ encoder -c encoder



